===2020-07-06 09:12:04.676 INFO  com.ysb.YsbApplication Line:55  - Starting YsbApplication on LAPTOP-AB63N733 with PID 15580 (D:\xm\ysb\webysb\target\classes started by abin in D:\xm\ysb\webysb)
===2020-07-06 09:12:04.676 INFO  com.ysb.YsbApplication Line:655 - The following profiles are active: dev
===2020-07-06 09:12:05.346 INFO  org.springframework.data.repository.config.RepositoryConfigurationDelegate Line:249 - Multiple Spring Data modules found, entering strict repository configuration mode!
===2020-07-06 09:12:05.346 INFO  org.springframework.data.repository.config.RepositoryConfigurationDelegate Line:127 - Bootstrapping Spring Data Redis repositories in DEFAULT mode.
===2020-07-06 09:12:05.374 INFO  org.springframework.data.repository.config.RepositoryConfigurationDelegate Line:187 - Finished Spring Data repository scanning in 18ms. Found 0 Redis repository interfaces.
===2020-07-06 09:12:05.634 INFO  com.ysb.auth.shiro.ShiroConfiguration Line:55  - --------------shiro已经加载----------------
===2020-07-06 09:12:06.271 INFO  org.springframework.boot.web.embedded.tomcat.TomcatWebServer Line:108 - Tomcat initialized with port(s): 9998 (http)
===2020-07-06 09:12:06.343 INFO  org.springframework.boot.web.servlet.context.ServletWebServerApplicationContext Line:285 - Root WebApplicationContext: initialization completed in 1625 ms
===2020-07-06 09:12:06.414 INFO  org.springframework.boot.autoconfigure.logging.ConditionEvaluationReportLoggingListener Line:136 - 

Error starting ApplicationContext. To display the conditions report re-run your application with 'debug' enabled.
===2020-07-06 09:12:57.939 INFO  com.ysb.YsbApplication Line:55  - Starting YsbApplication on LAPTOP-AB63N733 with PID 16288 (D:\xm\ysb\webysb\target\classes started by abin in D:\xm\ysb\webysb)
===2020-07-06 09:12:57.950 INFO  com.ysb.YsbApplication Line:655 - The following profiles are active: dev
===2020-07-06 09:12:58.465 INFO  org.springframework.data.repository.config.RepositoryConfigurationDelegate Line:249 - Multiple Spring Data modules found, entering strict repository configuration mode!
===2020-07-06 09:12:58.465 INFO  org.springframework.data.repository.config.RepositoryConfigurationDelegate Line:127 - Bootstrapping Spring Data Redis repositories in DEFAULT mode.
===2020-07-06 09:12:58.487 INFO  org.springframework.data.repository.config.RepositoryConfigurationDelegate Line:187 - Finished Spring Data repository scanning in 15ms. Found 0 Redis repository interfaces.
===2020-07-06 09:12:58.664 INFO  com.ysb.auth.shiro.ShiroConfiguration Line:55  - --------------shiro已经加载----------------
===2020-07-06 09:12:59.210 INFO  org.springframework.boot.web.embedded.tomcat.TomcatWebServer Line:108 - Tomcat initialized with port(s): 9998 (http)
===2020-07-06 09:12:59.290 INFO  org.springframework.boot.web.servlet.context.ServletWebServerApplicationContext Line:285 - Root WebApplicationContext: initialization completed in 1289 ms
===2020-07-06 09:12:59.473 INFO  org.springframework.scheduling.concurrent.ThreadPoolTaskExecutor Line:181 - Initializing ExecutorService 'applicationTaskExecutor'
===2020-07-06 09:12:59.688 INFO  com.alibaba.druid.spring.boot.autoconfigure.DruidDataSourceAutoConfigure Line:56  - Init DruidDataSource
===2020-07-06 09:12:59.916 INFO  com.alibaba.druid.pool.DruidDataSource Line:983 - {dataSource-1} inited
===2020-07-06 09:13:00.302 INFO  org.springframework.scheduling.concurrent.ThreadPoolTaskScheduler Line:181 - Initializing ExecutorService 'taskScheduler'
===2020-07-06 09:13:00.343 INFO  org.springframework.boot.web.embedded.tomcat.TomcatWebServer Line:220 - Tomcat started on port(s): 9998 (http) with context path ''
===2020-07-06 09:13:00.353 INFO  com.ysb.YsbApplication Line:61  - Started YsbApplication in 2.816 seconds (JVM running for 3.562)
===2020-07-06 09:13:19.686 INFO  org.springframework.web.servlet.DispatcherServlet Line:525 - Initializing Servlet 'dispatcherServlet'
===2020-07-06 09:13:19.691 INFO  org.springframework.web.servlet.DispatcherServlet Line:547 - Completed initialization in 5 ms
===2020-07-06 09:14:05.615 INFO  com.ysb.YsbApplication Line:55  - Starting YsbApplication on LAPTOP-AB63N733 with PID 1952 (D:\xm\ysb\webysb\target\classes started by abin in D:\xm\ysb\webysb)
===2020-07-06 09:14:05.618 INFO  com.ysb.YsbApplication Line:655 - The following profiles are active: dev
===2020-07-06 09:14:06.169 INFO  org.springframework.data.repository.config.RepositoryConfigurationDelegate Line:249 - Multiple Spring Data modules found, entering strict repository configuration mode!
===2020-07-06 09:14:06.171 INFO  org.springframework.data.repository.config.RepositoryConfigurationDelegate Line:127 - Bootstrapping Spring Data Redis repositories in DEFAULT mode.
===2020-07-06 09:14:06.196 INFO  org.springframework.data.repository.config.RepositoryConfigurationDelegate Line:187 - Finished Spring Data repository scanning in 16ms. Found 0 Redis repository interfaces.
===2020-07-06 09:14:06.378 INFO  com.ysb.auth.shiro.ShiroConfiguration Line:55  - --------------shiro已经加载----------------
===2020-07-06 09:14:06.944 INFO  org.springframework.boot.web.embedded.tomcat.TomcatWebServer Line:108 - Tomcat initialized with port(s): 9998 (http)
===2020-07-06 09:14:07.013 INFO  org.springframework.boot.web.servlet.context.ServletWebServerApplicationContext Line:285 - Root WebApplicationContext: initialization completed in 1348 ms
===2020-07-06 09:14:07.203 INFO  org.springframework.scheduling.concurrent.ThreadPoolTaskExecutor Line:181 - Initializing ExecutorService 'applicationTaskExecutor'
===2020-07-06 09:14:07.397 INFO  com.alibaba.druid.spring.boot.autoconfigure.DruidDataSourceAutoConfigure Line:56  - Init DruidDataSource
===2020-07-06 09:14:07.635 INFO  com.alibaba.druid.pool.DruidDataSource Line:983 - {dataSource-1} inited
===2020-07-06 09:14:08.038 INFO  org.springframework.scheduling.concurrent.ThreadPoolTaskScheduler Line:181 - Initializing ExecutorService 'taskScheduler'
===2020-07-06 09:14:08.088 INFO  org.springframework.boot.web.embedded.tomcat.TomcatWebServer Line:220 - Tomcat started on port(s): 9998 (http) with context path ''
===2020-07-06 09:14:08.096 INFO  com.ysb.YsbApplication Line:61  - Started YsbApplication in 3.102 seconds (JVM running for 4.215)
===2020-07-06 09:14:24.276 INFO  org.springframework.web.servlet.DispatcherServlet Line:525 - Initializing Servlet 'dispatcherServlet'
===2020-07-06 09:14:24.281 INFO  org.springframework.web.servlet.DispatcherServlet Line:547 - Completed initialization in 4 ms
===2020-07-06 09:19:52.714 INFO  com.ysb.YsbApplication Line:55  - Starting YsbApplication on LAPTOP-AB63N733 with PID 11360 (D:\xm\ysb\webysb\target\classes started by abin in D:\xm\ysb\webysb)
===2020-07-06 09:19:52.724 INFO  com.ysb.YsbApplication Line:655 - The following profiles are active: dev
===2020-07-06 09:19:53.306 INFO  org.springframework.data.repository.config.RepositoryConfigurationDelegate Line:249 - Multiple Spring Data modules found, entering strict repository configuration mode!
===2020-07-06 09:19:53.306 INFO  org.springframework.data.repository.config.RepositoryConfigurationDelegate Line:127 - Bootstrapping Spring Data Redis repositories in DEFAULT mode.
===2020-07-06 09:19:53.332 INFO  org.springframework.data.repository.config.RepositoryConfigurationDelegate Line:187 - Finished Spring Data repository scanning in 16ms. Found 0 Redis repository interfaces.
===2020-07-06 09:19:53.514 INFO  com.ysb.auth.shiro.ShiroConfiguration Line:55  - --------------shiro已经加载----------------
===2020-07-06 09:19:54.154 INFO  org.springframework.boot.web.embedded.tomcat.TomcatWebServer Line:108 - Tomcat initialized with port(s): 9998 (http)
===2020-07-06 09:19:54.207 INFO  org.springframework.boot.web.servlet.context.ServletWebServerApplicationContext Line:285 - Root WebApplicationContext: initialization completed in 1435 ms
===2020-07-06 09:19:54.406 INFO  org.springframework.scheduling.concurrent.ThreadPoolTaskExecutor Line:181 - Initializing ExecutorService 'applicationTaskExecutor'
===2020-07-06 09:19:54.586 INFO  com.alibaba.druid.spring.boot.autoconfigure.DruidDataSourceAutoConfigure Line:56  - Init DruidDataSource
===2020-07-06 09:19:54.782 INFO  com.alibaba.druid.pool.DruidDataSource Line:983 - {dataSource-1} inited
===2020-07-06 09:19:55.140 INFO  org.springframework.scheduling.concurrent.ThreadPoolTaskScheduler Line:181 - Initializing ExecutorService 'taskScheduler'
===2020-07-06 09:19:55.183 INFO  org.springframework.boot.web.embedded.tomcat.TomcatWebServer Line:220 - Tomcat started on port(s): 9998 (http) with context path ''
===2020-07-06 09:19:55.194 INFO  com.ysb.YsbApplication Line:61  - Started YsbApplication in 3.014 seconds (JVM running for 3.902)
===2020-07-06 09:22:35.988 INFO  org.springframework.web.servlet.DispatcherServlet Line:525 - Initializing Servlet 'dispatcherServlet'
===2020-07-06 09:22:35.993 INFO  org.springframework.web.servlet.DispatcherServlet Line:547 - Completed initialization in 5 ms
===2020-07-06 10:04:13.831 INFO  com.ysb.YsbApplication Line:55  - Starting YsbApplication on LAPTOP-AB63N733 with PID 4224 (D:\xm\ysb\webysb\target\classes started by abin in D:\xm\ysb\webysb)
===2020-07-06 10:04:13.841 INFO  com.ysb.YsbApplication Line:655 - The following profiles are active: dev
===2020-07-06 10:04:14.351 INFO  org.springframework.data.repository.config.RepositoryConfigurationDelegate Line:249 - Multiple Spring Data modules found, entering strict repository configuration mode!
===2020-07-06 10:04:14.351 INFO  org.springframework.data.repository.config.RepositoryConfigurationDelegate Line:127 - Bootstrapping Spring Data Redis repositories in DEFAULT mode.
===2020-07-06 10:04:14.372 INFO  org.springframework.data.repository.config.RepositoryConfigurationDelegate Line:187 - Finished Spring Data repository scanning in 15ms. Found 0 Redis repository interfaces.
===2020-07-06 10:04:14.540 INFO  com.ysb.auth.shiro.ShiroConfiguration Line:55  - --------------shiro已经加载----------------
===2020-07-06 10:04:15.099 INFO  org.springframework.boot.web.embedded.tomcat.TomcatWebServer Line:108 - Tomcat initialized with port(s): 9998 (http)
===2020-07-06 10:04:15.174 INFO  org.springframework.boot.web.servlet.context.ServletWebServerApplicationContext Line:285 - Root WebApplicationContext: initialization completed in 1291 ms
===2020-07-06 10:04:15.340 INFO  org.springframework.scheduling.concurrent.ThreadPoolTaskExecutor Line:181 - Initializing ExecutorService 'applicationTaskExecutor'
===2020-07-06 10:04:15.556 INFO  com.alibaba.druid.spring.boot.autoconfigure.DruidDataSourceAutoConfigure Line:56  - Init DruidDataSource
===2020-07-06 10:04:15.764 INFO  com.alibaba.druid.pool.DruidDataSource Line:983 - {dataSource-1} inited
===2020-07-06 10:04:16.115 INFO  org.springframework.scheduling.concurrent.ThreadPoolTaskScheduler Line:181 - Initializing ExecutorService 'taskScheduler'
===2020-07-06 10:04:16.167 INFO  org.springframework.boot.web.embedded.tomcat.TomcatWebServer Line:220 - Tomcat started on port(s): 9998 (http) with context path ''
===2020-07-06 10:04:16.167 INFO  com.ysb.YsbApplication Line:61  - Started YsbApplication in 2.731 seconds (JVM running for 3.53)
===2020-07-06 10:04:35.402 INFO  org.springframework.web.servlet.DispatcherServlet Line:525 - Initializing Servlet 'dispatcherServlet'
===2020-07-06 10:04:35.408 INFO  org.springframework.web.servlet.DispatcherServlet Line:547 - Completed initialization in 6 ms
===2020-07-06 10:36:14.932 INFO  com.ysb.YsbApplication Line:55  - Starting YsbApplication on LAPTOP-AB63N733 with PID 16104 (D:\xm\ysb\webysb\target\classes started by abin in D:\xm\ysb\webysb)
===2020-07-06 10:36:14.936 INFO  com.ysb.YsbApplication Line:655 - The following profiles are active: dev
===2020-07-06 10:36:15.595 INFO  org.springframework.data.repository.config.RepositoryConfigurationDelegate Line:249 - Multiple Spring Data modules found, entering strict repository configuration mode!
===2020-07-06 10:36:15.597 INFO  org.springframework.data.repository.config.RepositoryConfigurationDelegate Line:127 - Bootstrapping Spring Data Redis repositories in DEFAULT mode.
===2020-07-06 10:36:15.626 INFO  org.springframework.data.repository.config.RepositoryConfigurationDelegate Line:187 - Finished Spring Data repository scanning in 19ms. Found 0 Redis repository interfaces.
===2020-07-06 10:36:15.812 INFO  com.ysb.auth.shiro.ShiroConfiguration Line:52  - --------------shiro已经加载----------------
===2020-07-06 10:36:16.374 INFO  org.springframework.boot.web.embedded.tomcat.TomcatWebServer Line:108 - Tomcat initialized with port(s): 9998 (http)
===2020-07-06 10:36:16.441 INFO  org.springframework.boot.web.servlet.context.ServletWebServerApplicationContext Line:285 - Root WebApplicationContext: initialization completed in 1438 ms
===2020-07-06 10:36:16.639 INFO  org.springframework.scheduling.concurrent.ThreadPoolTaskExecutor Line:181 - Initializing ExecutorService 'applicationTaskExecutor'
===2020-07-06 10:36:16.841 INFO  com.alibaba.druid.spring.boot.autoconfigure.DruidDataSourceAutoConfigure Line:56  - Init DruidDataSource
===2020-07-06 10:36:17.075 INFO  com.alibaba.druid.pool.DruidDataSource Line:983 - {dataSource-1} inited
===2020-07-06 10:36:17.504 INFO  org.springframework.scheduling.concurrent.ThreadPoolTaskScheduler Line:181 - Initializing ExecutorService 'taskScheduler'
===2020-07-06 10:36:17.551 INFO  org.springframework.boot.web.embedded.tomcat.TomcatWebServer Line:220 - Tomcat started on port(s): 9998 (http) with context path ''
===2020-07-06 10:36:17.560 INFO  com.ysb.YsbApplication Line:61  - Started YsbApplication in 3.104 seconds (JVM running for 3.983)
===2020-07-06 10:36:36.004 INFO  org.springframework.web.servlet.DispatcherServlet Line:525 - Initializing Servlet 'dispatcherServlet'
===2020-07-06 10:36:36.009 INFO  org.springframework.web.servlet.DispatcherServlet Line:547 - Completed initialization in 4 ms
===2020-07-06 10:37:25.723 INFO  com.ysb.YsbApplication Line:55  - Starting YsbApplication on LAPTOP-AB63N733 with PID 11128 (D:\xm\ysb\webysb\target\classes started by abin in D:\xm\ysb\webysb)
===2020-07-06 10:37:25.725 INFO  com.ysb.YsbApplication Line:655 - The following profiles are active: dev
===2020-07-06 10:37:26.333 INFO  org.springframework.data.repository.config.RepositoryConfigurationDelegate Line:249 - Multiple Spring Data modules found, entering strict repository configuration mode!
===2020-07-06 10:37:26.335 INFO  org.springframework.data.repository.config.RepositoryConfigurationDelegate Line:127 - Bootstrapping Spring Data Redis repositories in DEFAULT mode.
===2020-07-06 10:37:26.361 INFO  org.springframework.data.repository.config.RepositoryConfigurationDelegate Line:187 - Finished Spring Data repository scanning in 17ms. Found 0 Redis repository interfaces.
===2020-07-06 10:37:26.574 INFO  com.ysb.auth.shiro.ShiroConfiguration Line:52  - --------------shiro已经加载----------------
===2020-07-06 10:37:27.218 INFO  org.springframework.boot.web.embedded.tomcat.TomcatWebServer Line:108 - Tomcat initialized with port(s): 9998 (http)
===2020-07-06 10:37:27.306 INFO  org.springframework.boot.web.servlet.context.ServletWebServerApplicationContext Line:285 - Root WebApplicationContext: initialization completed in 1531 ms
===2020-07-06 10:37:27.557 INFO  org.springframework.scheduling.concurrent.ThreadPoolTaskExecutor Line:181 - Initializing ExecutorService 'applicationTaskExecutor'
===2020-07-06 10:37:27.829 INFO  com.alibaba.druid.spring.boot.autoconfigure.DruidDataSourceAutoConfigure Line:56  - Init DruidDataSource
===2020-07-06 10:37:28.083 INFO  com.alibaba.druid.pool.DruidDataSource Line:983 - {dataSource-1} inited
===2020-07-06 10:37:28.514 INFO  org.springframework.scheduling.concurrent.ThreadPoolTaskScheduler Line:181 - Initializing ExecutorService 'taskScheduler'
===2020-07-06 10:37:28.564 INFO  org.springframework.boot.web.embedded.tomcat.TomcatWebServer Line:220 - Tomcat started on port(s): 9998 (http) with context path ''
===2020-07-06 10:37:28.575 INFO  com.ysb.YsbApplication Line:61  - Started YsbApplication in 3.372 seconds (JVM running for 4.418)
===2020-07-06 10:37:31.604 INFO  org.springframework.web.servlet.DispatcherServlet Line:525 - Initializing Servlet 'dispatcherServlet'
===2020-07-06 10:37:31.612 INFO  org.springframework.web.servlet.DispatcherServlet Line:547 - Completed initialization in 8 ms
