===2020-07-02 15:57:50.084 INFO  com.ysb.YsbApplication Line:55  - Starting YsbApplication on LAPTOP-AB63N733 with PID 14364 (D:\xm\ysb\webysb\target\classes started by abin in D:\xm\ysb\webysb)
===2020-07-02 15:57:50.087 INFO  com.ysb.YsbApplication Line:655 - The following profiles are active: dev
===2020-07-02 15:57:50.590 INFO  org.springframework.data.repository.config.RepositoryConfigurationDelegate Line:249 - Multiple Spring Data modules found, entering strict repository configuration mode!
===2020-07-02 15:57:50.590 INFO  org.springframework.data.repository.config.RepositoryConfigurationDelegate Line:127 - Bootstrapping Spring Data Redis repositories in DEFAULT mode.
===2020-07-02 15:57:50.601 INFO  org.springframework.data.repository.config.RepositoryConfigurationDelegate Line:187 - Finished Spring Data repository scanning in 3ms. Found 0 Redis repository interfaces.
===2020-07-02 15:57:50.915 INFO  org.springframework.boot.web.embedded.tomcat.TomcatWebServer Line:108 - Tomcat initialized with port(s): 9998 (http)
===2020-07-02 15:57:50.977 INFO  org.springframework.boot.web.servlet.context.ServletWebServerApplicationContext Line:285 - Root WebApplicationContext: initialization completed in 856 ms
===2020-07-02 15:57:51.081 INFO  org.springframework.scheduling.concurrent.ThreadPoolTaskExecutor Line:181 - Initializing ExecutorService 'applicationTaskExecutor'
===2020-07-02 15:57:51.166 INFO  com.alibaba.druid.spring.boot.autoconfigure.DruidDataSourceAutoConfigure Line:56  - Init DruidDataSource
===2020-07-02 15:57:51.760 INFO  com.alibaba.druid.pool.DruidDataSource Line:983 - {dataSource-1} inited
===2020-07-02 15:57:52.061 INFO  org.springframework.boot.web.embedded.tomcat.TomcatWebServer Line:220 - Tomcat started on port(s): 9998 (http) with context path ''
===2020-07-02 15:57:52.061 INFO  com.ysb.YsbApplication Line:61  - Started YsbApplication in 2.384 seconds (JVM running for 3.187)
===2020-07-02 16:01:56.315 INFO  com.ysb.YsbApplication Line:55  - Starting YsbApplication on LAPTOP-AB63N733 with PID 10860 (D:\xm\ysb\webysb\target\classes started by abin in D:\xm\ysb\webysb)
===2020-07-02 16:01:56.319 INFO  com.ysb.YsbApplication Line:655 - The following profiles are active: dev
===2020-07-02 16:01:56.812 INFO  org.springframework.data.repository.config.RepositoryConfigurationDelegate Line:249 - Multiple Spring Data modules found, entering strict repository configuration mode!
===2020-07-02 16:01:56.814 INFO  org.springframework.data.repository.config.RepositoryConfigurationDelegate Line:127 - Bootstrapping Spring Data Redis repositories in DEFAULT mode.
===2020-07-02 16:01:56.826 INFO  org.springframework.data.repository.config.RepositoryConfigurationDelegate Line:187 - Finished Spring Data repository scanning in 4ms. Found 0 Redis repository interfaces.
===2020-07-02 16:01:57.136 INFO  org.springframework.boot.web.embedded.tomcat.TomcatWebServer Line:108 - Tomcat initialized with port(s): 9998 (http)
===2020-07-02 16:01:57.209 INFO  org.springframework.boot.web.servlet.context.ServletWebServerApplicationContext Line:285 - Root WebApplicationContext: initialization completed in 851 ms
===2020-07-02 16:01:57.340 INFO  org.springframework.scheduling.concurrent.ThreadPoolTaskExecutor Line:181 - Initializing ExecutorService 'applicationTaskExecutor'
===2020-07-02 16:01:57.423 INFO  com.alibaba.druid.spring.boot.autoconfigure.DruidDataSourceAutoConfigure Line:56  - Init DruidDataSource
===2020-07-02 16:01:57.994 INFO  com.alibaba.druid.pool.DruidDataSource Line:983 - {dataSource-1} inited
===2020-07-02 16:01:58.294 INFO  org.springframework.boot.web.embedded.tomcat.TomcatWebServer Line:220 - Tomcat started on port(s): 9998 (http) with context path ''
===2020-07-02 16:01:58.294 INFO  com.ysb.YsbApplication Line:61  - Started YsbApplication in 2.397 seconds (JVM running for 3.164)
